<?xml version="1.0" encoding="UTF-8"?>
<!-- Generated by org.testng.reporters.JUnitXMLReporter -->
<testsuite hostname="IITC-WS-QA25" ignored="0" name="Checkout Page" tests="3" failures="0" timestamp="24 Oct 2019 13:29:58 GMT" time="13.065" errors="0">
  <testcase name="checkoutPageTitleTest" time="2.01" classname="com.flipkart.qa.testCases.CheckoutPageTest"/>
  <testcase name="deliverHereClick" time="2.14" classname="com.flipkart.qa.testCases.CheckoutPageTest"/>
  <testcase name="continueClick" time="8.912" classname="com.flipkart.qa.testCases.CheckoutPageTest"/>
</testsuite> <!-- Checkout Page -->
