<?xml version="1.0" encoding="UTF-8"?>
<!-- Generated by org.testng.reporters.JUnitXMLReporter -->
<testsuite hostname="IITC-WS-QA25" ignored="0" name="Checkout Page" tests="3" failures="0" timestamp="11 Nov 2019 13:07:42 GMT" time="13.592" errors="0">
  <testcase name="checkoutPageTitleTest" time="2.015" classname="com.flipkart.qa.testCases.CheckoutPageTest"/>
  <testcase name="deliverHereClick" time="2.112" classname="com.flipkart.qa.testCases.CheckoutPageTest"/>
  <testcase name="continueClick" time="9.462" classname="com.flipkart.qa.testCases.CheckoutPageTest"/>
</testsuite> <!-- Checkout Page -->
