<?xml version="1.0" encoding="UTF-8"?>
<!-- Generated by org.testng.reporters.JUnitXMLReporter -->
<testsuite hostname="IITC-WS-QA25" ignored="0" name="Home Page" tests="3" failures="0" timestamp="11 Nov 2019 13:06:59 GMT" time="4.375" errors="0">
  <testcase name="accountUserNameTest" time="1.084" classname="com.flipkart.qa.testCases.HomePageTest"/>
  <testcase name="mobileSearchItemTest" time="1.182" classname="com.flipkart.qa.testCases.HomePageTest"/>
  <testcase name="searchClickTest" time="2.106" classname="com.flipkart.qa.testCases.HomePageTest"/>
</testsuite> <!-- Home Page -->
