<?xml version="1.0" encoding="UTF-8"?>
<!-- Generated by org.testng.reporters.JUnitXMLReporter -->
<testsuite hostname="IITC-WS-QA25" ignored="0" name="Home Page" tests="4" failures="0" timestamp="24 Oct 2019 13:29:32 GMT" time="5.486" errors="0">
  <testcase name="accountUserNameTest" time="1.079" classname="com.flipkart.qa.testCases.HomePageTest"/>
  <testcase name="clickSearchItemTest" time="1.082" classname="com.flipkart.qa.testCases.HomePageTest"/>
  <testcase name="sendSearchItemTest" time="1.194" classname="com.flipkart.qa.testCases.HomePageTest"/>
  <testcase name="searchClickTest" time="2.127" classname="com.flipkart.qa.testCases.HomePageTest"/>
</testsuite> <!-- Home Page -->
