<?xml version="1.0" encoding="UTF-8"?>
<!-- Generated by org.testng.reporters.JUnitXMLReporter -->
<testsuite hostname="IITC-WS-QA25" ignored="0" name="Login" tests="3" failures="0" timestamp="24 Oct 2019 13:29:27 GMT" time="2.393" errors="0">
  <testcase name="loginPageTitleTest" time="0.013" classname="com.flipkart.qa.testCases.LoginPageTest"/>
  <testcase name="flipkartLogoImageTest" time="0.059" classname="com.flipkart.qa.testCases.LoginPageTest"/>
  <testcase name="loginTest" time="2.307" classname="com.flipkart.qa.testCases.LoginPageTest"/>
</testsuite> <!-- Login -->
