<?xml version="1.0" encoding="UTF-8"?>
<!-- Generated by org.testng.reporters.JUnitXMLReporter -->
<testsuite hostname="IITC-WS-QA25" ignored="0" name="Login" tests="3" failures="0" timestamp="11 Nov 2019 13:06:55 GMT" time="2.389" errors="0">
  <testcase name="loginPageTitleTest" time="0.014" classname="com.flipkart.qa.testCases.LoginPageTest"/>
  <testcase name="flipkartLogoImageTest" time="0.061" classname="com.flipkart.qa.testCases.LoginPageTest"/>
  <testcase name="loginTest" time="2.299" classname="com.flipkart.qa.testCases.LoginPageTest"/>
</testsuite> <!-- Login -->
