<?xml version="1.0" encoding="UTF-8"?>
<!-- Generated by org.testng.reporters.JUnitXMLReporter -->
<testsuite hostname="IITC-WS-QA25" ignored="0" name="Phone Search Page" tests="3" failures="0" timestamp="24 Oct 2019 13:29:43 GMT" time="10.324" errors="0">
  <testcase name="phoneSearchPageTitleTest" time="2.034" classname="com.flipkart.qa.testCases.PhoneSearchResultPageTest"/>
  <testcase name="verifyCorrectSearchTest" time="2.077" classname="com.flipkart.qa.testCases.PhoneSearchResultPageTest"/>
  <testcase name="clickOnPhoneTest" time="6.195" classname="com.flipkart.qa.testCases.PhoneSearchResultPageTest"/>
</testsuite> <!-- Phone Search Page -->
