<?xml version="1.0" encoding="UTF-8"?>
<!-- Generated by org.testng.reporters.JUnitXMLReporter -->
<testsuite hostname="IITC-WS-QA25" ignored="0" name="Phone Buy Page" tests="3" failures="0" timestamp="11 Nov 2019 13:07:28 GMT" time="18.905" errors="0">
  <testcase name="buyPageTitleTest" time="16.796" classname="com.flipkart.qa.testCases.PhoneBuyPageTest"/>
  <testcase name="buyNowButtonEnabledTest" time="0.035" classname="com.flipkart.qa.testCases.PhoneBuyPageTest"/>
  <testcase name="buyNowButtonClick" time="2.072" classname="com.flipkart.qa.testCases.PhoneBuyPageTest"/>
</testsuite> <!-- Phone Buy Page -->
