<?xml version="1.0" encoding="UTF-8"?>
<!-- Generated by org.testng.reporters.JUnitXMLReporter -->
<testsuite hostname="IITC-WS-QA25" ignored="0" name="Phone Search Page" tests="3" failures="0" timestamp="11 Nov 2019 13:07:09 GMT" time="10.175" errors="0">
  <testcase name="phoneSearchPageTitleTest" time="2.013" classname="com.flipkart.qa.testCases.PhoneSearchResultPageTest"/>
  <testcase name="verifyCorrectSearchTest" time="2.042" classname="com.flipkart.qa.testCases.PhoneSearchResultPageTest"/>
  <testcase name="clickOnPhoneTest" time="6.114" classname="com.flipkart.qa.testCases.PhoneSearchResultPageTest"/>
</testsuite> <!-- Phone Search Page -->
