<?xml version="1.0" encoding="UTF-8"?>
<!-- Generated by org.testng.reporters.JUnitXMLReporter -->
<testsuite hostname="IITC-WS-QA25" ignored="0" name="Phone Buy Page" tests="3" failures="0" timestamp="24 Oct 2019 13:29:45 GMT" time="2.15" errors="0">
  <testcase name="buyPageTitleTest" time="0.011" classname="com.flipkart.qa.testCases.PhoneBuyPageTest"/>
  <testcase name="buyNowButtonEnabledTest" time="0.029" classname="com.flipkart.qa.testCases.PhoneBuyPageTest"/>
  <testcase name="buyNowButtonClick" time="2.108" classname="com.flipkart.qa.testCases.PhoneBuyPageTest"/>
</testsuite> <!-- Phone Buy Page -->
