<?xml version="1.0" encoding="UTF-8"?>
<testng-results skipped="0" failed="0" ignored="0" total="15" passed="15">
  <reporter-output>
  </reporter-output>
  <suite name="flipkart Automation" duration-ms="49537" started-at="2019-11-11T13:06:52Z" finished-at="2019-11-11T13:07:42Z">
    <groups>
    </groups>
    <test name="Login" duration-ms="2389" started-at="2019-11-11T13:06:52Z" finished-at="2019-11-11T13:06:55Z">
      <class name="com.flipkart.qa.testCases.LoginPageTest">
        <test-method status="PASS" signature="loginPageTitleTest()[pri:1, instance:com.flipkart.qa.testCases.LoginPageTest@4678c730]" name="loginPageTitleTest" duration-ms="14" started-at="2019-11-11T18:36:52Z" finished-at="2019-11-11T18:36:52Z">
          <reporter-output>
          </reporter-output>
        </test-method> <!-- loginPageTitleTest -->
        <test-method status="PASS" signature="flipkartLogoImageTest()[pri:2, instance:com.flipkart.qa.testCases.LoginPageTest@4678c730]" name="flipkartLogoImageTest" duration-ms="61" started-at="2019-11-11T18:36:52Z" finished-at="2019-11-11T18:36:52Z">
          <reporter-output>
          </reporter-output>
        </test-method> <!-- flipkartLogoImageTest -->
        <test-method status="PASS" signature="loginTest()[pri:3, instance:com.flipkart.qa.testCases.LoginPageTest@4678c730]" name="loginTest" duration-ms="2299" started-at="2019-11-11T18:36:52Z" finished-at="2019-11-11T18:36:55Z">
          <reporter-output>
          </reporter-output>
        </test-method> <!-- loginTest -->
      </class> <!-- com.flipkart.qa.testCases.LoginPageTest -->
    </test> <!-- Login -->
    <test name="Home Page" duration-ms="4375" started-at="2019-11-11T13:06:55Z" finished-at="2019-11-11T13:06:59Z">
      <class name="com.flipkart.qa.testCases.HomePageTest">
        <test-method status="PASS" signature="accountUserNameTest()[pri:2, instance:com.flipkart.qa.testCases.HomePageTest@68c4039c]" name="accountUserNameTest" duration-ms="1084" started-at="2019-11-11T18:36:55Z" finished-at="2019-11-11T18:36:56Z">
          <reporter-output>
          </reporter-output>
        </test-method> <!-- accountUserNameTest -->
        <test-method status="PASS" signature="mobileSearchItemTest()[pri:4, instance:com.flipkart.qa.testCases.HomePageTest@68c4039c]" name="mobileSearchItemTest" duration-ms="1182" started-at="2019-11-11T18:36:56Z" finished-at="2019-11-11T18:36:57Z">
          <reporter-output>
          </reporter-output>
        </test-method> <!-- mobileSearchItemTest -->
        <test-method status="PASS" signature="searchClickTest()[pri:5, instance:com.flipkart.qa.testCases.HomePageTest@68c4039c]" name="searchClickTest" duration-ms="2106" started-at="2019-11-11T18:36:57Z" finished-at="2019-11-11T18:36:59Z">
          <reporter-output>
          </reporter-output>
        </test-method> <!-- searchClickTest -->
      </class> <!-- com.flipkart.qa.testCases.HomePageTest -->
    </test> <!-- Home Page -->
    <test name="Phone Search Page" duration-ms="10175" started-at="2019-11-11T13:06:59Z" finished-at="2019-11-11T13:07:09Z">
      <class name="com.flipkart.qa.testCases.PhoneSearchResultPageTest">
        <test-method status="PASS" signature="phoneSearchPageTitleTest()[pri:2, instance:com.flipkart.qa.testCases.PhoneSearchResultPageTest@1e88b3c]" name="phoneSearchPageTitleTest" duration-ms="2013" started-at="2019-11-11T18:36:59Z" finished-at="2019-11-11T18:37:01Z">
          <reporter-output>
          </reporter-output>
        </test-method> <!-- phoneSearchPageTitleTest -->
        <test-method status="PASS" signature="verifyCorrectSearchTest()[pri:3, instance:com.flipkart.qa.testCases.PhoneSearchResultPageTest@1e88b3c]" name="verifyCorrectSearchTest" duration-ms="2042" started-at="2019-11-11T18:37:01Z" finished-at="2019-11-11T18:37:03Z">
          <reporter-output>
          </reporter-output>
        </test-method> <!-- verifyCorrectSearchTest -->
        <test-method status="PASS" signature="clickOnPhoneTest()[pri:4, instance:com.flipkart.qa.testCases.PhoneSearchResultPageTest@1e88b3c]" name="clickOnPhoneTest" duration-ms="6114" started-at="2019-11-11T18:37:03Z" finished-at="2019-11-11T18:37:09Z">
          <reporter-output>
          </reporter-output>
        </test-method> <!-- clickOnPhoneTest -->
      </class> <!-- com.flipkart.qa.testCases.PhoneSearchResultPageTest -->
    </test> <!-- Phone Search Page -->
    <test name="Phone Buy Page" duration-ms="18905" started-at="2019-11-11T13:07:09Z" finished-at="2019-11-11T13:07:28Z">
      <class name="com.flipkart.qa.testCases.PhoneBuyPageTest">
        <test-method status="PASS" signature="buyPageTitleTest()[pri:2, instance:com.flipkart.qa.testCases.PhoneBuyPageTest@6a4f787b]" name="buyPageTitleTest" duration-ms="16796" started-at="2019-11-11T18:37:09Z" finished-at="2019-11-11T18:37:26Z">
          <reporter-output>
          </reporter-output>
        </test-method> <!-- buyPageTitleTest -->
        <test-method status="PASS" signature="buyNowButtonEnabledTest()[pri:3, instance:com.flipkart.qa.testCases.PhoneBuyPageTest@6a4f787b]" name="buyNowButtonEnabledTest" duration-ms="35" started-at="2019-11-11T18:37:26Z" finished-at="2019-11-11T18:37:26Z">
          <reporter-output>
          </reporter-output>
        </test-method> <!-- buyNowButtonEnabledTest -->
        <test-method status="PASS" signature="buyNowButtonClick()[pri:4, instance:com.flipkart.qa.testCases.PhoneBuyPageTest@6a4f787b]" name="buyNowButtonClick" duration-ms="2072" started-at="2019-11-11T18:37:26Z" finished-at="2019-11-11T18:37:28Z">
          <reporter-output>
          </reporter-output>
        </test-method> <!-- buyNowButtonClick -->
      </class> <!-- com.flipkart.qa.testCases.PhoneBuyPageTest -->
    </test> <!-- Phone Buy Page -->
    <test name="Checkout Page" duration-ms="13592" started-at="2019-11-11T13:07:28Z" finished-at="2019-11-11T13:07:42Z">
      <class name="com.flipkart.qa.testCases.LoginPageTest">
        <test-method status="PASS" signature="setup()[pri:0, instance:com.flipkart.qa.testCases.LoginPageTest@4678c730]" name="setup" is-config="true" duration-ms="13813" started-at="2019-11-11T18:36:38Z" finished-at="2019-11-11T18:36:52Z">
          <reporter-output>
          </reporter-output>
        </test-method> <!-- setup -->
        <test-method status="PASS" signature="setup()[pri:0, instance:com.flipkart.qa.testCases.HomePageTest@68c4039c]" name="setup" is-config="true" duration-ms="2" started-at="2019-11-11T18:36:52Z" finished-at="2019-11-11T18:36:52Z">
          <reporter-output>
          </reporter-output>
        </test-method> <!-- setup -->
        <test-method status="PASS" signature="setup()[pri:0, instance:com.flipkart.qa.testCases.PhoneSearchResultPageTest@1e88b3c]" name="setup" is-config="true" duration-ms="1" started-at="2019-11-11T18:36:52Z" finished-at="2019-11-11T18:36:52Z">
          <reporter-output>
          </reporter-output>
        </test-method> <!-- setup -->
        <test-method status="PASS" signature="setup()[pri:0, instance:com.flipkart.qa.testCases.PhoneBuyPageTest@6a4f787b]" name="setup" is-config="true" duration-ms="1" started-at="2019-11-11T18:36:52Z" finished-at="2019-11-11T18:36:52Z">
          <reporter-output>
          </reporter-output>
        </test-method> <!-- setup -->
        <test-method status="PASS" signature="setup()[pri:0, instance:com.flipkart.qa.testCases.CheckoutPageTest@7d9d1a19]" name="setup" is-config="true" duration-ms="1" started-at="2019-11-11T18:36:52Z" finished-at="2019-11-11T18:36:52Z">
          <reporter-output>
          </reporter-output>
        </test-method> <!-- setup -->
      </class> <!-- com.flipkart.qa.testCases.LoginPageTest -->
      <class name="com.flipkart.qa.testCases.CheckoutPageTest">
        <test-method status="PASS" signature="checkoutPageTitleTest()[pri:2, instance:com.flipkart.qa.testCases.CheckoutPageTest@7d9d1a19]" name="checkoutPageTitleTest" duration-ms="2015" started-at="2019-11-11T18:37:28Z" finished-at="2019-11-11T18:37:30Z">
          <reporter-output>
          </reporter-output>
        </test-method> <!-- checkoutPageTitleTest -->
        <test-method status="PASS" signature="deliverHereClick()[pri:3, instance:com.flipkart.qa.testCases.CheckoutPageTest@7d9d1a19]" name="deliverHereClick" duration-ms="2112" started-at="2019-11-11T18:37:30Z" finished-at="2019-11-11T18:37:32Z">
          <reporter-output>
          </reporter-output>
        </test-method> <!-- deliverHereClick -->
        <test-method status="PASS" signature="continueClick()[pri:4, instance:com.flipkart.qa.testCases.CheckoutPageTest@7d9d1a19]" name="continueClick" duration-ms="9462" started-at="2019-11-11T18:37:32Z" finished-at="2019-11-11T18:37:42Z">
          <reporter-output>
          </reporter-output>
        </test-method> <!-- continueClick -->
      </class> <!-- com.flipkart.qa.testCases.CheckoutPageTest -->
    </test> <!-- Checkout Page -->
  </suite> <!-- flipkart Automation -->
</testng-results>
